# JRE version: Java(TM) SE Runtime Environment (8.0_231-b11) (build 1.8.0_231-b11)
# Java VM: Java HotSpot(TM) 64-Bit Server VM (25.231-b11 mixed mode windows-amd64 compressed oops)
Heap:
 PSYoungGen      total 86016K, used 34181K [0x00000000d5c00000, 0x00000000dc180000, 0x0000000100000000)
  eden space 84480K, 38% used [0x00000000d5c00000,0x00000000d7c0d610,0x00000000dae80000)
  from space 1536K, 88% used [0x00000000db100000,0x00000000db254010,0x00000000db280000)
  to   space 9728K, 0% used [0x00000000db800000,0x00000000db800000,0x00000000dc180000)
 ParOldGen       total 71680K, used 24516K [0x0000000081400000, 0x0000000085a00000, 0x00000000d5c00000)
  object space 71680K, 34% used [0x0000000081400000,0x0000000082bf1328,0x0000000085a00000)
 Metaspace       used 27304K, capacity 28390K, committed 28672K, reserved 1075200K
  class space    used 3564K, capacity 3814K, committed 3840K, reserved 1048576K
GC Heap History (10 events):
Event: 14.888 GC heap before
{Heap before GC invocations=16 (full 1):
 PSYoungGen      total 106496K, used 98732K [0x00000000d5c00000, 0x00000000dd200000, 0x0000000100000000)
  eden space 98304K, 99% used [0x00000000d5c00000,0x00000000dbb1f250,0x00000000dbc00000)
  from space 8192K, 16% used [0x00000000dca00000,0x00000000dcb4c010,0x00000000dd200000)
  to   space 11264K, 0% used [0x00000000dbc00000,0x00000000dbc00000,0x00000000dc700000)
 ParOldGen       total 71680K, used 22028K [0x0000000081400000, 0x0000000085a00000, 0x00000000d5c00000)
  object space 71680K, 30% used [0x0000000081400000,0x0000000082983308,0x0000000085a00000)
 Metaspace       used 27160K, capacity 28198K, committed 28416K, reserved 1073152K
  class space    used 3563K, capacity 3814K, committed 3840K, reserved 1048576K
Event: 14.889 GC heap after
Heap after GC invocations=16 (full 1):
 PSYoungGen      total 96768K, used 1360K [0x00000000d5c00000, 0x00000000dcf00000, 0x0000000100000000)
  eden space 95232K, 0% used [0x00000000d5c00000,0x00000000d5c00000,0x00000000db900000)
  from space 1536K, 88% used [0x00000000dbc00000,0x00000000dbd54010,0x00000000dbd80000)
  to   space 11264K, 0% used [0x00000000dc400000,0x00000000dc400000,0x00000000dcf00000)
 ParOldGen       total 71680K, used 23260K [0x0000000081400000, 0x0000000085a00000, 0x00000000d5c00000)
  object space 71680K, 32% used [0x0000000081400000,0x0000000082ab7318,0x0000000085a00000)
 Metaspace       used 27160K, capacity 28198K, committed 28416K, reserved 1073152K
  class space    used 3563K, capacity 3814K, committed 3840K, reserved 1048576K
}
Event: 15.586 GC heap before
{Heap before GC invocations=17 (full 1):
 PSYoungGen      total 96768K, used 95940K [0x00000000d5c00000, 0x00000000dcf00000, 0x0000000100000000)
  eden space 95232K, 99% used [0x00000000d5c00000,0x00000000db85d078,0x00000000db900000)
  from space 1536K, 88% used [0x00000000dbc00000,0x00000000dbd54010,0x00000000dbd80000)
  to   space 11264K, 0% used [0x00000000dc400000,0x00000000dc400000,0x00000000dcf00000)
 ParOldGen       total 71680K, used 23260K [0x0000000081400000, 0x0000000085a00000, 0x00000000d5c00000)
  object space 71680K, 32% used [0x0000000081400000,0x0000000082ab7318,0x0000000085a00000)
 Metaspace       used 27203K, capacity 28262K, committed 28416K, reserved 1073152K
  class space    used 3564K, capacity 3814K, committed 3840K, reserved 1048576K
Event: 15.588 GC heap after
Heap after GC invocations=17 (full 1):
 PSYoungGen      total 99328K, used 1360K [0x00000000d5c00000, 0x00000000dcb00000, 0x0000000100000000)
  eden space 92160K, 0% used [0x00000000d5c00000,0x00000000d5c00000,0x00000000db600000)
  from space 7168K, 18% used [0x00000000dc400000,0x00000000dc554010,0x00000000dcb00000)
  to   space 10752K, 0% used [0x00000000db600000,0x00000000db600000,0x00000000dc080000)
 ParOldGen       total 71680K, used 24492K [0x0000000081400000, 0x0000000085a00000, 0x00000000d5c00000)
  object space 71680K, 34% used [0x0000000081400000,0x0000000082beb328,0x0000000085a00000)
 Metaspace       used 27203K, capacity 28262K, committed 28416K, reserved 1073152K
  class space    used 3564K, capacity 3814K, committed 3840K, reserved 1048576K
}
Event: 16.270 GC heap before
{Heap before GC invocations=18 (full 1):
 PSYoungGen      total 99328K, used 93486K [0x00000000d5c00000, 0x00000000dcb00000, 0x0000000100000000)
  eden space 92160K, 99% used [0x00000000d5c00000,0x00000000db5f7920,0x00000000db600000)
  from space 7168K, 18% used [0x00000000dc400000,0x00000000dc554010,0x00000000dcb00000)
  to   space 10752K, 0% used [0x00000000db600000,0x00000000db600000,0x00000000dc080000)
 ParOldGen       total 71680K, used 24492K [0x0000000081400000, 0x0000000085a00000, 0x00000000d5c00000)
  object space 71680K, 34% used [0x0000000081400000,0x0000000082beb328,0x0000000085a00000)
 Metaspace       used 27214K, capacity 28262K, committed 28416K, reserved 1073152K
  class space    used 3564K, capacity 3814K, committed 3840K, reserved 1048576K
Event: 16.272 GC heap after
Heap after GC invocations=18 (full 1):
 PSYoungGen      total 91136K, used 1360K [0x00000000d5c00000, 0x00000000dc880000, 0x0000000100000000)
  eden space 89600K, 0% used [0x00000000d5c00000,0x00000000d5c00000,0x00000000db380000)
  from space 1536K, 88% used [0x00000000db600000,0x00000000db754010,0x00000000db780000)
  to   space 10752K, 0% used [0x00000000dbe00000,0x00000000dbe00000,0x00000000dc880000)
 ParOldGen       total 71680K, used 24500K [0x0000000081400000, 0x0000000085a00000, 0x00000000d5c00000)
  object space 71680K, 34% used [0x0000000081400000,0x0000000082bed328,0x0000000085a00000)
 Metaspace       used 27214K, capacity 28262K, committed 28416K, reserved 1073152K
  class space    used 3564K, capacity 3814K, committed 3840K, reserved 1048576K
}
Event: 16.921 GC heap before
{Heap before GC invocations=19 (full 1):
 PSYoungGen      total 91136K, used 89822K [0x00000000d5c00000, 0x00000000dc880000, 0x0000000100000000)
  eden space 89600K, 98% used [0x00000000d5c00000,0x00000000db263aa8,0x00000000db380000)
  from space 1536K, 88% used [0x00000000db600000,0x00000000db754010,0x00000000db780000)
  to   space 10752K, 0% used [0x00000000dbe00000,0x00000000dbe00000,0x00000000dc880000)
 ParOldGen       total 71680K, used 24500K [0x0000000081400000, 0x0000000085a00000, 0x00000000d5c00000)
  object space 71680K, 34% used [0x0000000081400000,0x0000000082bed328,0x0000000085a00000)
 Metaspace       used 27237K, capacity 28262K, committed 28416K, reserved 1073152K
  class space    used 3564K, capacity 3814K, committed 3840K, reserved 1048576K
Event: 16.923 GC heap after
Heap after GC invocations=19 (full 1):
 PSYoungGen      total 94208K, used 3760K [0x00000000d5c00000, 0x00000000dc500000, 0x0000000100000000)
  eden space 87040K, 0% used [0x00000000d5c00000,0x00000000d5c00000,0x00000000db100000)
  from space 7168K, 52% used [0x00000000dbe00000,0x00000000dc1ac030,0x00000000dc500000)
  to   space 10240K, 0% used [0x00000000db100000,0x00000000db100000,0x00000000dbb00000)
 ParOldGen       total 71680K, used 24508K [0x0000000081400000, 0x0000000085a00000, 0x00000000d5c00000)
  object space 71680K, 34% used [0x0000000081400000,0x0000000082bef328,0x0000000085a00000)
 Metaspace       used 27237K, capacity 28262K, committed 28416K, reserved 1073152K
  class space    used 3564K, capacity 3814K, committed 3840K, reserved 1048576K
}
Event: 17.570 GC heap before
{Heap before GC invocations=20 (full 1):
 PSYoungGen      total 94208K, used 89709K [0x00000000d5c00000, 0x00000000dc500000, 0x0000000100000000)
  eden space 87040K, 98% used [0x00000000d5c00000,0x00000000dafef760,0x00000000db100000)
  from space 7168K, 52% used [0x00000000dbe00000,0x00000000dc1ac030,0x00000000dc500000)
  to   space 10240K, 0% used [0x00000000db100000,0x00000000db100000,0x00000000dbb00000)
 ParOldGen       total 71680K, used 24508K [0x0000000081400000, 0x0000000085a00000, 0x00000000d5c00000)
  object space 71680K, 34% used [0x0000000081400000,0x0000000082bef328,0x0000000085a00000)
 Metaspace       used 27301K, capacity 28390K, committed 28672K, reserved 1075200K
  class space    used 3564K, capacity 3814K, committed 3840K, reserved 1048576K
Event: 17.571 GC heap after
Heap after GC invocations=20 (full 1):
 PSYoungGen      total 86016K, used 1360K [0x00000000d5c00000, 0x00000000dc180000, 0x0000000100000000)
  eden space 84480K, 0% used [0x00000000d5c00000,0x00000000d5c00000,0x00000000dae80000)
  from space 1536K, 88% used [0x00000000db100000,0x00000000db254010,0x00000000db280000)
  to   space 9728K, 0% used [0x00000000db800000,0x00000000db800000,0x00000000dc180000)
 ParOldGen       total 71680K, used 24516K [0x0000000081400000, 0x0000000085a00000, 0x00000000d5c00000)
  object space 71680K, 34% used [0x0000000081400000,0x0000000082bf1328,0x0000000085a00000)
 Metaspace       used 27301K, capacity 28390K, committed 28672K, reserved 1075200K
  class space    used 3564K, capacity 3814K, committed 3840K, reserved 1048576K
}

