# JRE version: Java(TM) SE Runtime Environment (8.0_231-b11) (build 1.8.0_231-b11)
# Java VM: Java HotSpot(TM) 64-Bit Server VM (25.231-b11 mixed mode windows-amd64 compressed oops)
Heap:
 PSYoungGen      total 130560K, used 104626K [0x00000000d5c00000, 0x00000000df800000, 0x0000000100000000)
  eden space 118784K, 81% used [0x00000000d5c00000,0x00000000dba75868,0x00000000dd000000)
  from space 11776K, 67% used [0x00000000dd000000,0x00000000dd7b7380,0x00000000ddb80000)
  to   space 11776K, 0% used [0x00000000dec80000,0x00000000dec80000,0x00000000df800000)
 ParOldGen       total 71680K, used 14924K [0x0000000081400000, 0x0000000085a00000, 0x00000000d5c00000)
  object space 71680K, 20% used [0x0000000081400000,0x00000000822933a0,0x0000000085a00000)
 Metaspace       used 28058K, capacity 29194K, committed 29488K, reserved 1075200K
  class space    used 3620K, capacity 3884K, committed 3888K, reserved 1048576K
GC Heap History (10 events):
Event: 12.793 GC heap before
{Heap before GC invocations=8 (full 1):
 PSYoungGen      total 90624K, used 81370K [0x00000000d5c00000, 0x00000000dcc00000, 0x0000000100000000)
  eden space 76288K, 98% used [0x00000000d5c00000,0x00000000da58b688,0x00000000da680000)
  from space 14336K, 42% used [0x00000000db300000,0x00000000db8eb1a0,0x00000000dc100000)
  to   space 12800K, 0% used [0x00000000da680000,0x00000000da680000,0x00000000db300000)
 ParOldGen       total 71680K, used 14884K [0x0000000081400000, 0x0000000085a00000, 0x00000000d5c00000)
  object space 71680K, 20% used [0x0000000081400000,0x00000000822893a0,0x0000000085a00000)
 Metaspace       used 26686K, capacity 27780K, committed 27952K, reserved 1073152K
  class space    used 3535K, capacity 3813K, committed 3888K, reserved 1048576K
Event: 12.797 GC heap after
Heap after GC invocations=8 (full 1):
 PSYoungGen      total 89088K, used 5884K [0x00000000d5c00000, 0x00000000dda00000, 0x0000000100000000)
  eden space 76288K, 0% used [0x00000000d5c00000,0x00000000d5c00000,0x00000000da680000)
  from space 12800K, 45% used [0x00000000da680000,0x00000000dac3f1a0,0x00000000db300000)
  to   space 11776K, 0% used [0x00000000dce80000,0x00000000dce80000,0x00000000dda00000)
 ParOldGen       total 71680K, used 14892K [0x0000000081400000, 0x0000000085a00000, 0x00000000d5c00000)
  object space 71680K, 20% used [0x0000000081400000,0x000000008228b3a0,0x0000000085a00000)
 Metaspace       used 26686K, capacity 27780K, committed 27952K, reserved 1073152K
  class space    used 3535K, capacity 3813K, committed 3888K, reserved 1048576K
}
Event: 14.565 GC heap before
{Heap before GC invocations=9 (full 1):
 PSYoungGen      total 89088K, used 81699K [0x00000000d5c00000, 0x00000000dda00000, 0x0000000100000000)
  eden space 76288K, 99% used [0x00000000d5c00000,0x00000000da609ba0,0x00000000da680000)
  from space 12800K, 45% used [0x00000000da680000,0x00000000dac3f1a0,0x00000000db300000)
  to   space 11776K, 0% used [0x00000000dce80000,0x00000000dce80000,0x00000000dda00000)
 ParOldGen       total 71680K, used 14892K [0x0000000081400000, 0x0000000085a00000, 0x00000000d5c00000)
  object space 71680K, 20% used [0x0000000081400000,0x000000008228b3a0,0x0000000085a00000)
 Metaspace       used 26823K, capacity 27924K, committed 28208K, reserved 1073152K
  class space    used 3536K, capacity 3813K, committed 3888K, reserved 1048576K
Event: 14.569 GC heap after
Heap after GC invocations=9 (full 1):
 PSYoungGen      total 110080K, used 7100K [0x00000000d5c00000, 0x00000000dd680000, 0x0000000100000000)
  eden space 101888K, 0% used [0x00000000d5c00000,0x00000000d5c00000,0x00000000dbf80000)
  from space 8192K, 86% used [0x00000000dce80000,0x00000000dd56f1a0,0x00000000dd680000)
  to   space 11776K, 0% used [0x00000000dbf80000,0x00000000dbf80000,0x00000000dcb00000)
 ParOldGen       total 71680K, used 14900K [0x0000000081400000, 0x0000000085a00000, 0x00000000d5c00000)
  object space 71680K, 20% used [0x0000000081400000,0x000000008228d3a0,0x0000000085a00000)
 Metaspace       used 26823K, capacity 27924K, committed 28208K, reserved 1073152K
  class space    used 3536K, capacity 3813K, committed 3888K, reserved 1048576K
}
Event: 17.026 GC heap before
{Heap before GC invocations=10 (full 1):
 PSYoungGen      total 110080K, used 108598K [0x00000000d5c00000, 0x00000000dd680000, 0x0000000100000000)
  eden space 101888K, 99% used [0x00000000d5c00000,0x00000000dbf1ea20,0x00000000dbf80000)
  from space 8192K, 86% used [0x00000000dce80000,0x00000000dd56f1a0,0x00000000dd680000)
  to   space 11776K, 0% used [0x00000000dbf80000,0x00000000dbf80000,0x00000000dcb00000)
 ParOldGen       total 71680K, used 14900K [0x0000000081400000, 0x0000000085a00000, 0x00000000d5c00000)
  object space 71680K, 20% used [0x0000000081400000,0x000000008228d3a0,0x0000000085a00000)
 Metaspace       used 26891K, capacity 27992K, committed 28208K, reserved 1073152K
  class space    used 3536K, capacity 3813K, committed 3888K, reserved 1048576K
Event: 17.030 GC heap after
Heap after GC invocations=10 (full 1):
 PSYoungGen      total 113664K, used 7148K [0x00000000d5c00000, 0x00000000de880000, 0x0000000100000000)
  eden space 101888K, 0% used [0x00000000d5c00000,0x00000000d5c00000,0x00000000dbf80000)
  from space 11776K, 60% used [0x00000000dbf80000,0x00000000dc67b1b0,0x00000000dcb00000)
  to   space 11776K, 0% used [0x00000000ddd00000,0x00000000ddd00000,0x00000000de880000)
 ParOldGen       total 71680K, used 14908K [0x0000000081400000, 0x0000000085a00000, 0x00000000d5c00000)
  object space 71680K, 20% used [0x0000000081400000,0x000000008228f3a0,0x0000000085a00000)
 Metaspace       used 26891K, capacity 27992K, committed 28208K, reserved 1073152K
  class space    used 3536K, capacity 3813K, committed 3888K, reserved 1048576K
}
Event: 19.425 GC heap before
{Heap before GC invocations=11 (full 1):
 PSYoungGen      total 113664K, used 108323K [0x00000000d5c00000, 0x00000000de880000, 0x0000000100000000)
  eden space 101888K, 99% used [0x00000000d5c00000,0x00000000dbecdaa0,0x00000000dbf80000)
  from space 11776K, 60% used [0x00000000dbf80000,0x00000000dc67b1b0,0x00000000dcb00000)
  to   space 11776K, 0% used [0x00000000ddd00000,0x00000000ddd00000,0x00000000de880000)
 ParOldGen       total 71680K, used 14908K [0x0000000081400000, 0x0000000085a00000, 0x00000000d5c00000)
  object space 71680K, 20% used [0x0000000081400000,0x000000008228f3a0,0x0000000085a00000)
 Metaspace       used 27714K, capacity 28786K, committed 28976K, reserved 1075200K
  class space    used 3616K, capacity 3880K, committed 3888K, reserved 1048576K
Event: 19.430 GC heap after
Heap after GC invocations=11 (full 1):
 PSYoungGen      total 129024K, used 7964K [0x00000000d5c00000, 0x00000000de700000, 0x0000000100000000)
  eden space 118784K, 0% used [0x00000000d5c00000,0x00000000d5c00000,0x00000000dd000000)
  from space 10240K, 77% used [0x00000000ddd00000,0x00000000de4c7240,0x00000000de700000)
  to   space 11776K, 0% used [0x00000000dd000000,0x00000000dd000000,0x00000000ddb80000)
 ParOldGen       total 71680K, used 14916K [0x0000000081400000, 0x0000000085a00000, 0x00000000d5c00000)
  object space 71680K, 20% used [0x0000000081400000,0x00000000822913a0,0x0000000085a00000)
 Metaspace       used 27714K, capacity 28786K, committed 28976K, reserved 1075200K
  class space    used 3616K, capacity 3880K, committed 3888K, reserved 1048576K
}
Event: 22.258 GC heap before
{Heap before GC invocations=12 (full 1):
 PSYoungGen      total 129024K, used 125591K [0x00000000d5c00000, 0x00000000de700000, 0x0000000100000000)
  eden space 118784K, 99% used [0x00000000d5c00000,0x00000000dcedeaa0,0x00000000dd000000)
  from space 10240K, 77% used [0x00000000ddd00000,0x00000000de4c7240,0x00000000de700000)
  to   space 11776K, 0% used [0x00000000dd000000,0x00000000dd000000,0x00000000ddb80000)
 ParOldGen       total 71680K, used 14916K [0x0000000081400000, 0x0000000085a00000, 0x00000000d5c00000)
  object space 71680K, 20% used [0x0000000081400000,0x00000000822913a0,0x0000000085a00000)
 Metaspace       used 27921K, capacity 28938K, committed 29232K, reserved 1075200K
  class space    used 3619K, capacity 3884K, committed 3888K, reserved 1048576K
Event: 22.264 GC heap after
Heap after GC invocations=12 (full 1):
 PSYoungGen      total 130560K, used 7900K [0x00000000d5c00000, 0x00000000df800000, 0x0000000100000000)
  eden space 118784K, 0% used [0x00000000d5c00000,0x00000000d5c00000,0x00000000dd000000)
  from space 11776K, 67% used [0x00000000dd000000,0x00000000dd7b7380,0x00000000ddb80000)
  to   space 11776K, 0% used [0x00000000dec80000,0x00000000dec80000,0x00000000df800000)
 ParOldGen       total 71680K, used 14924K [0x0000000081400000, 0x0000000085a00000, 0x00000000d5c00000)
  object space 71680K, 20% used [0x0000000081400000,0x00000000822933a0,0x0000000085a00000)
 Metaspace       used 27921K, capacity 28938K, committed 29232K, reserved 1075200K
  class space    used 3619K, capacity 3884K, committed 3888K, reserved 1048576K
}

