# JRE version: Java(TM) SE Runtime Environment (8.0_231-b11) (build 1.8.0_231-b11)
# Java VM: Java HotSpot(TM) 64-Bit Server VM (25.231-b11 mixed mode windows-amd64 compressed oops)
Heap:
 PSYoungGen      total 125440K, used 7284K [0x00000000d5c00000, 0x00000000de700000, 0x0000000100000000)
  eden space 120832K, 4% used [0x00000000d5c00000,0x00000000d61b9288,0x00000000dd200000)
  from space 4608K, 30% used [0x00000000de280000,0x00000000de3e4010,0x00000000de700000)
  to   space 10752K, 0% used [0x00000000dd200000,0x00000000dd200000,0x00000000ddc80000)
 ParOldGen       total 78336K, used 20264K [0x0000000081400000, 0x0000000086080000, 0x00000000d5c00000)
  object space 78336K, 25% used [0x0000000081400000,0x00000000827ca020,0x0000000086080000)
 Metaspace       used 28822K, capacity 29894K, committed 30080K, reserved 1075200K
  class space    used 3654K, capacity 3898K, committed 3968K, reserved 1048576K
GC Heap History (10 events):
Event: 55.141 GC heap before
{Heap before GC invocations=29 (full 1):
 PSYoungGen      total 141824K, used 132693K [0x00000000d5c00000, 0x00000000df500000, 0x0000000100000000)
  eden space 130560K, 99% used [0x00000000d5c00000,0x00000000ddb254a8,0x00000000ddb80000)
  from space 11264K, 22% used [0x00000000ddb80000,0x00000000dddf0030,0x00000000de680000)
  to   space 11264K, 0% used [0x00000000dea00000,0x00000000dea00000,0x00000000df500000)
 ParOldGen       total 78336K, used 20120K [0x0000000081400000, 0x0000000086080000, 0x00000000d5c00000)
  object space 78336K, 25% used [0x0000000081400000,0x00000000827a6020,0x0000000086080000)
 Metaspace       used 28781K, capacity 29894K, committed 30080K, reserved 1075200K
  class space    used 3653K, capacity 3898K, committed 3968K, reserved 1048576K
Event: 55.143 GC heap after
Heap after GC invocations=29 (full 1):
 PSYoungGen      total 144384K, used 2512K [0x00000000d5c00000, 0x00000000df480000, 0x0000000100000000)
  eden space 133632K, 0% used [0x00000000d5c00000,0x00000000d5c00000,0x00000000dde80000)
  from space 10752K, 23% used [0x00000000dea00000,0x00000000dec74020,0x00000000df480000)
  to   space 11264K, 0% used [0x00000000dde80000,0x00000000dde80000,0x00000000de980000)
 ParOldGen       total 78336K, used 20136K [0x0000000081400000, 0x0000000086080000, 0x00000000d5c00000)
  object space 78336K, 25% used [0x0000000081400000,0x00000000827aa020,0x0000000086080000)
 Metaspace       used 28781K, capacity 29894K, committed 30080K, reserved 1075200K
  class space    used 3653K, capacity 3898K, committed 3968K, reserved 1048576K
}
Event: 58.437 GC heap before
{Heap before GC invocations=30 (full 1):
 PSYoungGen      total 144384K, used 134985K [0x00000000d5c00000, 0x00000000df480000, 0x0000000100000000)
  eden space 133632K, 99% used [0x00000000d5c00000,0x00000000ddd5e780,0x00000000dde80000)
  from space 10752K, 23% used [0x00000000dea00000,0x00000000dec74020,0x00000000df480000)
  to   space 11264K, 0% used [0x00000000dde80000,0x00000000dde80000,0x00000000de980000)
 ParOldGen       total 78336K, used 20136K [0x0000000081400000, 0x0000000086080000, 0x00000000d5c00000)
  object space 78336K, 25% used [0x0000000081400000,0x00000000827aa020,0x0000000086080000)
 Metaspace       used 28782K, capacity 29894K, committed 30080K, reserved 1075200K
  class space    used 3654K, capacity 3898K, committed 3968K, reserved 1048576K
Event: 58.439 GC heap after
Heap after GC invocations=30 (full 1):
 PSYoungGen      total 144896K, used 2480K [0x00000000d5c00000, 0x00000000df780000, 0x0000000100000000)
  eden space 133632K, 0% used [0x00000000d5c00000,0x00000000d5c00000,0x00000000dde80000)
  from space 11264K, 22% used [0x00000000dde80000,0x00000000de0ec020,0x00000000de980000)
  to   space 11264K, 0% used [0x00000000dec80000,0x00000000dec80000,0x00000000df780000)
 ParOldGen       total 78336K, used 20168K [0x0000000081400000, 0x0000000086080000, 0x00000000d5c00000)
  object space 78336K, 25% used [0x0000000081400000,0x00000000827b2020,0x0000000086080000)
 Metaspace       used 28782K, capacity 29894K, committed 30080K, reserved 1075200K
  class space    used 3654K, capacity 3898K, committed 3968K, reserved 1048576K
}
Event: 61.757 GC heap before
{Heap before GC invocations=31 (full 1):
 PSYoungGen      total 144896K, used 134944K [0x00000000d5c00000, 0x00000000df780000, 0x0000000100000000)
  eden space 133632K, 99% used [0x00000000d5c00000,0x00000000ddd5c370,0x00000000dde80000)
  from space 11264K, 22% used [0x00000000dde80000,0x00000000de0ec020,0x00000000de980000)
  to   space 11264K, 0% used [0x00000000dec80000,0x00000000dec80000,0x00000000df780000)
 ParOldGen       total 78336K, used 20168K [0x0000000081400000, 0x0000000086080000, 0x00000000d5c00000)
  object space 78336K, 25% used [0x0000000081400000,0x00000000827b2020,0x0000000086080000)
 Metaspace       used 28782K, capacity 29894K, committed 30080K, reserved 1075200K
  class space    used 3654K, capacity 3898K, committed 3968K, reserved 1048576K
Event: 61.760 GC heap after
Heap after GC invocations=31 (full 1):
 PSYoungGen      total 132608K, used 2512K [0x00000000d5c00000, 0x00000000df000000, 0x0000000100000000)
  eden space 129024K, 0% used [0x00000000d5c00000,0x00000000d5c00000,0x00000000dda00000)
  from space 3584K, 70% used [0x00000000dec80000,0x00000000deef4020,0x00000000df000000)
  to   space 11264K, 0% used [0x00000000dda00000,0x00000000dda00000,0x00000000de500000)
 ParOldGen       total 78336K, used 20192K [0x0000000081400000, 0x0000000086080000, 0x00000000d5c00000)
  object space 78336K, 25% used [0x0000000081400000,0x00000000827b8020,0x0000000086080000)
 Metaspace       used 28782K, capacity 29894K, committed 30080K, reserved 1075200K
  class space    used 3654K, capacity 3898K, committed 3968K, reserved 1048576K
}
Event: 64.902 GC heap before
{Heap before GC invocations=32 (full 1):
 PSYoungGen      total 132608K, used 131451K [0x00000000d5c00000, 0x00000000df000000, 0x0000000100000000)
  eden space 129024K, 99% used [0x00000000d5c00000,0x00000000dd9ead60,0x00000000dda00000)
  from space 3584K, 70% used [0x00000000dec80000,0x00000000deef4020,0x00000000df000000)
  to   space 11264K, 0% used [0x00000000dda00000,0x00000000dda00000,0x00000000de500000)
 ParOldGen       total 78336K, used 20192K [0x0000000081400000, 0x0000000086080000, 0x00000000d5c00000)
  object space 78336K, 25% used [0x0000000081400000,0x00000000827b8020,0x0000000086080000)
 Metaspace       used 28782K, capacity 29894K, committed 30080K, reserved 1075200K
  class space    used 3654K, capacity 3898K, committed 3968K, reserved 1048576K
Event: 64.904 GC heap after
Heap after GC invocations=32 (full 1):
 PSYoungGen      total 129024K, used 3696K [0x00000000d5c00000, 0x00000000ded00000, 0x0000000100000000)
  eden space 124928K, 0% used [0x00000000d5c00000,0x00000000d5c00000,0x00000000dd600000)
  from space 4096K, 90% used [0x00000000dda00000,0x00000000ddd9c040,0x00000000dde00000)
  to   space 10752K, 0% used [0x00000000de280000,0x00000000de280000,0x00000000ded00000)
 ParOldGen       total 78336K, used 20240K [0x0000000081400000, 0x0000000086080000, 0x00000000d5c00000)
  object space 78336K, 25% used [0x0000000081400000,0x00000000827c4020,0x0000000086080000)
 Metaspace       used 28782K, capacity 29894K, committed 30080K, reserved 1075200K
  class space    used 3654K, capacity 3898K, committed 3968K, reserved 1048576K
}
Event: 68.016 GC heap before
{Heap before GC invocations=33 (full 1):
 PSYoungGen      total 129024K, used 128125K [0x00000000d5c00000, 0x00000000ded00000, 0x0000000100000000)
  eden space 124928K, 99% used [0x00000000d5c00000,0x00000000dd583778,0x00000000dd600000)
  from space 4096K, 90% used [0x00000000dda00000,0x00000000ddd9c040,0x00000000dde00000)
  to   space 10752K, 0% used [0x00000000de280000,0x00000000de280000,0x00000000ded00000)
 ParOldGen       total 78336K, used 20240K [0x0000000081400000, 0x0000000086080000, 0x00000000d5c00000)
  object space 78336K, 25% used [0x0000000081400000,0x00000000827c4020,0x0000000086080000)
 Metaspace       used 28810K, capacity 29894K, committed 30080K, reserved 1075200K
  class space    used 3654K, capacity 3898K, committed 3968K, reserved 1048576K
Event: 68.024 GC heap after
Heap after GC invocations=33 (full 1):
 PSYoungGen      total 125440K, used 1424K [0x00000000d5c00000, 0x00000000de700000, 0x0000000100000000)
  eden space 120832K, 0% used [0x00000000d5c00000,0x00000000d5c00000,0x00000000dd200000)
  from space 4608K, 30% used [0x00000000de280000,0x00000000de3e4010,0x00000000de700000)
  to   space 10752K, 0% used [0x00000000dd200000,0x00000000dd200000,0x00000000ddc80000)
 ParOldGen       total 78336K, used 20264K [0x0000000081400000, 0x0000000086080000, 0x00000000d5c00000)
  object space 78336K, 25% used [0x0000000081400000,0x00000000827ca020,0x0000000086080000)
 Metaspace       used 28810K, capacity 29894K, committed 30080K, reserved 1075200K
  class space    used 3654K, capacity 3898K, committed 3968K, reserved 1048576K
}

